C:\USERS\ANDIM\ONEDRIVE\GUSA\INTERPRETECNCX3\INTERPRETECNC\DEBUG\ERROR.OBJ
C:\USERS\ANDIM\ONEDRIVE\GUSA\INTERPRETECNCX3\INTERPRETECNC\DEBUG\LEXICO.OBJ
C:\USERS\ANDIM\ONEDRIVE\GUSA\INTERPRETECNCX3\INTERPRETECNC\DEBUG\NODO.OBJ
C:\USERS\ANDIM\ONEDRIVE\GUSA\INTERPRETECNCX3\INTERPRETECNC\DEBUG\PIEZA.OBJ
C:\USERS\ANDIM\ONEDRIVE\GUSA\INTERPRETECNCX3\INTERPRETECNC\DEBUG\SINTACTICO.OBJ
C:\USERS\ANDIM\ONEDRIVE\GUSA\INTERPRETECNCX3\INTERPRETECNC\DEBUG\TAB.OBJ
C:\USERS\ANDIM\ONEDRIVE\GUSA\INTERPRETECNCX3\INTERPRETECNC\DEBUG\VC110.PDB
C:\USERS\ANDIM\ONEDRIVE\GUSA\INTERPRETECNCX3\INTERPRETECNC\DEBUG\MAIN.OBJ
C:\USERS\ANDIM\ONEDRIVE\GUSA\INDEXX2\INDEX\BIN\DEBUG\INTERPRETECNCX3\INTERPRETECNC\DEBUG\ERROR.OBJ
C:\USERS\ANDIM\ONEDRIVE\GUSA\INDEXX2\INDEX\BIN\DEBUG\INTERPRETECNCX3\INTERPRETECNC\DEBUG\LEXICO.OBJ
C:\USERS\ANDIM\ONEDRIVE\GUSA\INDEXX2\INDEX\BIN\DEBUG\INTERPRETECNCX3\INTERPRETECNC\DEBUG\NODO.OBJ
C:\USERS\ANDIM\ONEDRIVE\GUSA\INDEXX2\INDEX\BIN\DEBUG\INTERPRETECNCX3\INTERPRETECNC\DEBUG\PIEZA.OBJ
C:\USERS\ANDIM\ONEDRIVE\GUSA\INDEXX2\INDEX\BIN\DEBUG\INTERPRETECNCX3\INTERPRETECNC\DEBUG\SINTACTICO.OBJ
C:\USERS\ANDIM\ONEDRIVE\GUSA\INDEXX2\INDEX\BIN\DEBUG\INTERPRETECNCX3\INTERPRETECNC\DEBUG\TAB.OBJ
C:\USERS\ANDIM\ONEDRIVE\GUSA\INDEXX2\INDEX\BIN\DEBUG\INTERPRETECNCX3\INTERPRETECNC\DEBUG\VC110.PDB
C:\USERS\ANDIM\ONEDRIVE\GUSA\INDEXX2\INDEX\BIN\DEBUG\INTERPRETECNCX3\INTERPRETECNC\DEBUG\MAIN.OBJ
C:\USERS\ANDIM\ONEDRIVE\GUSA\INDEXX3\INDEX\BIN\DEBUG\INTERPRETECNCX3\INTERPRETECNC\DEBUG\ERROR.OBJ
C:\USERS\ANDIM\ONEDRIVE\GUSA\INDEXX3\INDEX\BIN\DEBUG\INTERPRETECNCX3\INTERPRETECNC\DEBUG\LEXICO.OBJ
C:\USERS\ANDIM\ONEDRIVE\GUSA\INDEXX3\INDEX\BIN\DEBUG\INTERPRETECNCX3\INTERPRETECNC\DEBUG\MAQUINA.OBJ
C:\USERS\ANDIM\ONEDRIVE\GUSA\INDEXX3\INDEX\BIN\DEBUG\INTERPRETECNCX3\INTERPRETECNC\DEBUG\NODO.OBJ
C:\USERS\ANDIM\ONEDRIVE\GUSA\INDEXX3\INDEX\BIN\DEBUG\INTERPRETECNCX3\INTERPRETECNC\DEBUG\PIEZA.OBJ
C:\USERS\ANDIM\ONEDRIVE\GUSA\INDEXX3\INDEX\BIN\DEBUG\INTERPRETECNCX3\INTERPRETECNC\DEBUG\SINTACTICO.OBJ
C:\USERS\ANDIM\ONEDRIVE\GUSA\INDEXX3\INDEX\BIN\DEBUG\INTERPRETECNCX3\INTERPRETECNC\DEBUG\TAB.OBJ
C:\USERS\ANDIM\ONEDRIVE\GUSA\INDEXX3\INDEX\BIN\DEBUG\INTERPRETECNCX3\INTERPRETECNC\DEBUG\VC110.PDB
C:\USERS\ANDIM\ONEDRIVE\GUSA\INDEXX3\INDEX\BIN\DEBUG\INTERPRETECNCX3\INTERPRETECNC\DEBUG\MAIN.OBJ
C:\USERS\ANDIM\ONEDRIVE\GUSA\INDEXX3\INDEX\BIN\DEBUG\INTERPRETECNCX3\INTERPRETECNC\DEBUG\DIBUJO.OBJ
C:\USERS\ANDIM\ONEDRIVE\GUSA\INDEXX3\INDEX\BIN\DEBUG\INTERPRETECNCX3\INTERPRETECNC\DEBUG\COORDENADA.OBJ
C:\USERS\ANDIM\ONEDRIVE\GUSA\INDEXX3\INDEX\BIN\DEBUG\INTERPRETECNCX3\INTERPRETECNC\DEBUG\SEMANTICO.OBJ
C:\USERS\ANDIM\ONEDRIVE\GUSA\INDEXX3\INDEX\BIN\DEBUG\INTERPRETECNCX3\DEBUG\INTERPRETECNC.ILK
C:\USERS\ANDIM\ONEDRIVE\GUSA\INDEXX3\INDEX\BIN\DEBUG\INTERPRETECNCX3\DEBUG\INTERPRETECNC.EXE
C:\USERS\ANDIM\ONEDRIVE\GUSA\INDEXX3\INDEX\BIN\DEBUG\INTERPRETECNCX3\DEBUG\INTERPRETECNC.PDB
C:\Users\andim\OneDrive\gusa\indexx3\index\bin\Debug\interpreteCNCx3\InterpreteCNC\Debug\Coordenada.obj
C:\Users\andim\OneDrive\gusa\indexx3\index\bin\Debug\interpreteCNCx3\InterpreteCNC\Debug\Dibujo.obj
C:\Users\andim\OneDrive\gusa\indexx3\index\bin\Debug\interpreteCNCx3\InterpreteCNC\Debug\Error.obj
C:\Users\andim\OneDrive\gusa\indexx3\index\bin\Debug\interpreteCNCx3\InterpreteCNC\Debug\Lexico.obj
C:\Users\andim\OneDrive\gusa\indexx3\index\bin\Debug\interpreteCNCx3\InterpreteCNC\Debug\main.obj
C:\Users\andim\OneDrive\gusa\indexx3\index\bin\Debug\interpreteCNCx3\InterpreteCNC\Debug\maquina.obj
C:\Users\andim\OneDrive\gusa\indexx3\index\bin\Debug\interpreteCNCx3\InterpreteCNC\Debug\Nodo.obj
C:\Users\andim\OneDrive\gusa\indexx3\index\bin\Debug\interpreteCNCx3\InterpreteCNC\Debug\pieza.obj
C:\Users\andim\OneDrive\gusa\indexx3\index\bin\Debug\interpreteCNCx3\InterpreteCNC\Debug\Semantico.obj
C:\Users\andim\OneDrive\gusa\indexx3\index\bin\Debug\interpreteCNCx3\InterpreteCNC\Debug\Sintactico.obj
C:\Users\andim\OneDrive\gusa\indexx3\index\bin\Debug\interpreteCNCx3\InterpreteCNC\Debug\Tab.obj
C:\Users\andim\OneDrive\gusa\indexx3\index\bin\Debug\interpreteCNCx3\InterpreteCNC\Debug\cl.command.1.tlog
C:\Users\andim\OneDrive\gusa\indexx3\index\bin\Debug\interpreteCNCx3\InterpreteCNC\Debug\CL.read.1.tlog
C:\Users\andim\OneDrive\gusa\indexx3\index\bin\Debug\interpreteCNCx3\InterpreteCNC\Debug\CL.write.1.tlog
C:\Users\andim\OneDrive\gusa\indexx3\index\bin\Debug\interpreteCNCx3\InterpreteCNC\Debug\link-cvtres.read.1.tlog
C:\Users\andim\OneDrive\gusa\indexx3\index\bin\Debug\interpreteCNCx3\InterpreteCNC\Debug\link-cvtres.write.1.tlog
C:\Users\andim\OneDrive\gusa\indexx3\index\bin\Debug\interpreteCNCx3\InterpreteCNC\Debug\link-rc.read.1.tlog
C:\Users\andim\OneDrive\gusa\indexx3\index\bin\Debug\interpreteCNCx3\InterpreteCNC\Debug\link-rc.write.1.tlog
C:\Users\andim\OneDrive\gusa\indexx3\index\bin\Debug\interpreteCNCx3\InterpreteCNC\Debug\link.11484-cvtres.read.1.tlog
C:\Users\andim\OneDrive\gusa\indexx3\index\bin\Debug\interpreteCNCx3\InterpreteCNC\Debug\link.11484-cvtres.write.1.tlog
C:\Users\andim\OneDrive\gusa\indexx3\index\bin\Debug\interpreteCNCx3\InterpreteCNC\Debug\link.11484-rc.read.1.tlog
C:\Users\andim\OneDrive\gusa\indexx3\index\bin\Debug\interpreteCNCx3\InterpreteCNC\Debug\link.11484-rc.write.1.tlog
C:\Users\andim\OneDrive\gusa\indexx3\index\bin\Debug\interpreteCNCx3\InterpreteCNC\Debug\link.11484.read.1.tlog
C:\Users\andim\OneDrive\gusa\indexx3\index\bin\Debug\interpreteCNCx3\InterpreteCNC\Debug\link.11484.write.1.tlog
C:\Users\andim\OneDrive\gusa\indexx3\index\bin\Debug\interpreteCNCx3\InterpreteCNC\Debug\link.1228-cvtres.read.1.tlog
C:\Users\andim\OneDrive\gusa\indexx3\index\bin\Debug\interpreteCNCx3\InterpreteCNC\Debug\link.1228-cvtres.write.1.tlog
C:\Users\andim\OneDrive\gusa\indexx3\index\bin\Debug\interpreteCNCx3\InterpreteCNC\Debug\link.1228-rc.read.1.tlog
C:\Users\andim\OneDrive\gusa\indexx3\index\bin\Debug\interpreteCNCx3\InterpreteCNC\Debug\link.1228-rc.write.1.tlog
C:\Users\andim\OneDrive\gusa\indexx3\index\bin\Debug\interpreteCNCx3\InterpreteCNC\Debug\link.1228.read.1.tlog
C:\Users\andim\OneDrive\gusa\indexx3\index\bin\Debug\interpreteCNCx3\InterpreteCNC\Debug\link.1228.write.1.tlog
C:\Users\andim\OneDrive\gusa\indexx3\index\bin\Debug\interpreteCNCx3\InterpreteCNC\Debug\link.12296-cvtres.read.1.tlog
C:\Users\andim\OneDrive\gusa\indexx3\index\bin\Debug\interpreteCNCx3\InterpreteCNC\Debug\link.12296-cvtres.write.1.tlog
C:\Users\andim\OneDrive\gusa\indexx3\index\bin\Debug\interpreteCNCx3\InterpreteCNC\Debug\link.12296-rc.read.1.tlog
C:\Users\andim\OneDrive\gusa\indexx3\index\bin\Debug\interpreteCNCx3\InterpreteCNC\Debug\link.12296-rc.write.1.tlog
C:\Users\andim\OneDrive\gusa\indexx3\index\bin\Debug\interpreteCNCx3\InterpreteCNC\Debug\link.12296.read.1.tlog
C:\Users\andim\OneDrive\gusa\indexx3\index\bin\Debug\interpreteCNCx3\InterpreteCNC\Debug\link.12296.write.1.tlog
C:\Users\andim\OneDrive\gusa\indexx3\index\bin\Debug\interpreteCNCx3\InterpreteCNC\Debug\link.12320-cvtres.read.1.tlog
C:\Users\andim\OneDrive\gusa\indexx3\index\bin\Debug\interpreteCNCx3\InterpreteCNC\Debug\link.12320-cvtres.write.1.tlog
C:\Users\andim\OneDrive\gusa\indexx3\index\bin\Debug\interpreteCNCx3\InterpreteCNC\Debug\link.12320-rc.read.1.tlog
C:\Users\andim\OneDrive\gusa\indexx3\index\bin\Debug\interpreteCNCx3\InterpreteCNC\Debug\link.12320-rc.write.1.tlog
C:\Users\andim\OneDrive\gusa\indexx3\index\bin\Debug\interpreteCNCx3\InterpreteCNC\Debug\link.12320.read.1.tlog
C:\Users\andim\OneDrive\gusa\indexx3\index\bin\Debug\interpreteCNCx3\InterpreteCNC\Debug\link.12320.write.1.tlog
C:\Users\andim\OneDrive\gusa\indexx3\index\bin\Debug\interpreteCNCx3\InterpreteCNC\Debug\link.12844-cvtres.read.1.tlog
C:\Users\andim\OneDrive\gusa\indexx3\index\bin\Debug\interpreteCNCx3\InterpreteCNC\Debug\link.12844-cvtres.write.1.tlog
C:\Users\andim\OneDrive\gusa\indexx3\index\bin\Debug\interpreteCNCx3\InterpreteCNC\Debug\link.12844-rc.read.1.tlog
C:\Users\andim\OneDrive\gusa\indexx3\index\bin\Debug\interpreteCNCx3\InterpreteCNC\Debug\link.12844-rc.write.1.tlog
C:\Users\andim\OneDrive\gusa\indexx3\index\bin\Debug\interpreteCNCx3\InterpreteCNC\Debug\link.12844.read.1.tlog
C:\Users\andim\OneDrive\gusa\indexx3\index\bin\Debug\interpreteCNCx3\InterpreteCNC\Debug\link.12844.write.1.tlog
C:\Users\andim\OneDrive\gusa\indexx3\index\bin\Debug\interpreteCNCx3\InterpreteCNC\Debug\link.12940-cvtres.read.1.tlog
C:\Users\andim\OneDrive\gusa\indexx3\index\bin\Debug\interpreteCNCx3\InterpreteCNC\Debug\link.12940-cvtres.write.1.tlog
C:\Users\andim\OneDrive\gusa\indexx3\index\bin\Debug\interpreteCNCx3\InterpreteCNC\Debug\link.12940-rc.read.1.tlog
C:\Users\andim\OneDrive\gusa\indexx3\index\bin\Debug\interpreteCNCx3\InterpreteCNC\Debug\link.12940-rc.write.1.tlog
C:\Users\andim\OneDrive\gusa\indexx3\index\bin\Debug\interpreteCNCx3\InterpreteCNC\Debug\link.12940.read.1.tlog
C:\Users\andim\OneDrive\gusa\indexx3\index\bin\Debug\interpreteCNCx3\InterpreteCNC\Debug\link.12940.write.1.tlog
C:\Users\andim\OneDrive\gusa\indexx3\index\bin\Debug\interpreteCNCx3\InterpreteCNC\Debug\link.12960-cvtres.read.1.tlog
C:\Users\andim\OneDrive\gusa\indexx3\index\bin\Debug\interpreteCNCx3\InterpreteCNC\Debug\link.12960-cvtres.write.1.tlog
C:\Users\andim\OneDrive\gusa\indexx3\index\bin\Debug\interpreteCNCx3\InterpreteCNC\Debug\link.12960-rc.read.1.tlog
C:\Users\andim\OneDrive\gusa\indexx3\index\bin\Debug\interpreteCNCx3\InterpreteCNC\Debug\link.12960-rc.write.1.tlog
C:\Users\andim\OneDrive\gusa\indexx3\index\bin\Debug\interpreteCNCx3\InterpreteCNC\Debug\link.12960.read.1.tlog
C:\Users\andim\OneDrive\gusa\indexx3\index\bin\Debug\interpreteCNCx3\InterpreteCNC\Debug\link.12960.write.1.tlog
C:\Users\andim\OneDrive\gusa\indexx3\index\bin\Debug\interpreteCNCx3\InterpreteCNC\Debug\link.14148-cvtres.read.1.tlog
C:\Users\andim\OneDrive\gusa\indexx3\index\bin\Debug\interpreteCNCx3\InterpreteCNC\Debug\link.14148-cvtres.write.1.tlog
C:\Users\andim\OneDrive\gusa\indexx3\index\bin\Debug\interpreteCNCx3\InterpreteCNC\Debug\link.14148-rc.read.1.tlog
C:\Users\andim\OneDrive\gusa\indexx3\index\bin\Debug\interpreteCNCx3\InterpreteCNC\Debug\link.14148-rc.write.1.tlog
C:\Users\andim\OneDrive\gusa\indexx3\index\bin\Debug\interpreteCNCx3\InterpreteCNC\Debug\link.14148.read.1.tlog
C:\Users\andim\OneDrive\gusa\indexx3\index\bin\Debug\interpreteCNCx3\InterpreteCNC\Debug\link.14148.write.1.tlog
C:\Users\andim\OneDrive\gusa\indexx3\index\bin\Debug\interpreteCNCx3\InterpreteCNC\Debug\link.14524-cvtres.read.1.tlog
C:\Users\andim\OneDrive\gusa\indexx3\index\bin\Debug\interpreteCNCx3\InterpreteCNC\Debug\link.14524-cvtres.write.1.tlog
C:\Users\andim\OneDrive\gusa\indexx3\index\bin\Debug\interpreteCNCx3\InterpreteCNC\Debug\link.14524-rc.read.1.tlog
C:\Users\andim\OneDrive\gusa\indexx3\index\bin\Debug\interpreteCNCx3\InterpreteCNC\Debug\link.14524-rc.write.1.tlog
C:\Users\andim\OneDrive\gusa\indexx3\index\bin\Debug\interpreteCNCx3\InterpreteCNC\Debug\link.14524.read.1.tlog
C:\Users\andim\OneDrive\gusa\indexx3\index\bin\Debug\interpreteCNCx3\InterpreteCNC\Debug\link.14524.write.1.tlog
C:\Users\andim\OneDrive\gusa\indexx3\index\bin\Debug\interpreteCNCx3\InterpreteCNC\Debug\link.14636-cvtres.read.1.tlog
C:\Users\andim\OneDrive\gusa\indexx3\index\bin\Debug\interpreteCNCx3\InterpreteCNC\Debug\link.14636-cvtres.write.1.tlog
C:\Users\andim\OneDrive\gusa\indexx3\index\bin\Debug\interpreteCNCx3\InterpreteCNC\Debug\link.14636-rc.read.1.tlog
C:\Users\andim\OneDrive\gusa\indexx3\index\bin\Debug\interpreteCNCx3\InterpreteCNC\Debug\link.14636-rc.write.1.tlog
C:\Users\andim\OneDrive\gusa\indexx3\index\bin\Debug\interpreteCNCx3\InterpreteCNC\Debug\link.14636.read.1.tlog
C:\Users\andim\OneDrive\gusa\indexx3\index\bin\Debug\interpreteCNCx3\InterpreteCNC\Debug\link.14636.write.1.tlog
C:\Users\andim\OneDrive\gusa\indexx3\index\bin\Debug\interpreteCNCx3\InterpreteCNC\Debug\link.14792-cvtres.read.1.tlog
C:\Users\andim\OneDrive\gusa\indexx3\index\bin\Debug\interpreteCNCx3\InterpreteCNC\Debug\link.14792-cvtres.write.1.tlog
C:\Users\andim\OneDrive\gusa\indexx3\index\bin\Debug\interpreteCNCx3\InterpreteCNC\Debug\link.14792-rc.read.1.tlog
C:\Users\andim\OneDrive\gusa\indexx3\index\bin\Debug\interpreteCNCx3\InterpreteCNC\Debug\link.14792-rc.write.1.tlog
C:\Users\andim\OneDrive\gusa\indexx3\index\bin\Debug\interpreteCNCx3\InterpreteCNC\Debug\link.14792.read.1.tlog
C:\Users\andim\OneDrive\gusa\indexx3\index\bin\Debug\interpreteCNCx3\InterpreteCNC\Debug\link.14792.write.1.tlog
C:\Users\andim\OneDrive\gusa\indexx3\index\bin\Debug\interpreteCNCx3\InterpreteCNC\Debug\link.14984-cvtres.read.1.tlog
C:\Users\andim\OneDrive\gusa\indexx3\index\bin\Debug\interpreteCNCx3\InterpreteCNC\Debug\link.14984-cvtres.write.1.tlog
C:\Users\andim\OneDrive\gusa\indexx3\index\bin\Debug\interpreteCNCx3\InterpreteCNC\Debug\link.14984-rc.read.1.tlog
C:\Users\andim\OneDrive\gusa\indexx3\index\bin\Debug\interpreteCNCx3\InterpreteCNC\Debug\link.14984-rc.write.1.tlog
C:\Users\andim\OneDrive\gusa\indexx3\index\bin\Debug\interpreteCNCx3\InterpreteCNC\Debug\link.14984.read.1.tlog
C:\Users\andim\OneDrive\gusa\indexx3\index\bin\Debug\interpreteCNCx3\InterpreteCNC\Debug\link.14984.write.1.tlog
C:\Users\andim\OneDrive\gusa\indexx3\index\bin\Debug\interpreteCNCx3\InterpreteCNC\Debug\link.15208-cvtres.read.1.tlog
C:\Users\andim\OneDrive\gusa\indexx3\index\bin\Debug\interpreteCNCx3\InterpreteCNC\Debug\link.15208-cvtres.write.1.tlog
C:\Users\andim\OneDrive\gusa\indexx3\index\bin\Debug\interpreteCNCx3\InterpreteCNC\Debug\link.15208-rc.read.1.tlog
C:\Users\andim\OneDrive\gusa\indexx3\index\bin\Debug\interpreteCNCx3\InterpreteCNC\Debug\link.15208-rc.write.1.tlog
C:\Users\andim\OneDrive\gusa\indexx3\index\bin\Debug\interpreteCNCx3\InterpreteCNC\Debug\link.15208.read.1.tlog
C:\Users\andim\OneDrive\gusa\indexx3\index\bin\Debug\interpreteCNCx3\InterpreteCNC\Debug\link.15208.write.1.tlog
C:\Users\andim\OneDrive\gusa\indexx3\index\bin\Debug\interpreteCNCx3\InterpreteCNC\Debug\link.15652-cvtres.read.1.tlog
C:\Users\andim\OneDrive\gusa\indexx3\index\bin\Debug\interpreteCNCx3\InterpreteCNC\Debug\link.15652-cvtres.write.1.tlog
C:\Users\andim\OneDrive\gusa\indexx3\index\bin\Debug\interpreteCNCx3\InterpreteCNC\Debug\link.15652-rc.read.1.tlog
C:\Users\andim\OneDrive\gusa\indexx3\index\bin\Debug\interpreteCNCx3\InterpreteCNC\Debug\link.15652-rc.write.1.tlog
C:\Users\andim\OneDrive\gusa\indexx3\index\bin\Debug\interpreteCNCx3\InterpreteCNC\Debug\link.15652.read.1.tlog
C:\Users\andim\OneDrive\gusa\indexx3\index\bin\Debug\interpreteCNCx3\InterpreteCNC\Debug\link.15652.write.1.tlog
C:\Users\andim\OneDrive\gusa\indexx3\index\bin\Debug\interpreteCNCx3\InterpreteCNC\Debug\link.3000-cvtres.read.1.tlog
C:\Users\andim\OneDrive\gusa\indexx3\index\bin\Debug\interpreteCNCx3\InterpreteCNC\Debug\link.3000-cvtres.write.1.tlog
C:\Users\andim\OneDrive\gusa\indexx3\index\bin\Debug\interpreteCNCx3\InterpreteCNC\Debug\link.3000-rc.read.1.tlog
C:\Users\andim\OneDrive\gusa\indexx3\index\bin\Debug\interpreteCNCx3\InterpreteCNC\Debug\link.3000-rc.write.1.tlog
C:\Users\andim\OneDrive\gusa\indexx3\index\bin\Debug\interpreteCNCx3\InterpreteCNC\Debug\link.3000.read.1.tlog
C:\Users\andim\OneDrive\gusa\indexx3\index\bin\Debug\interpreteCNCx3\InterpreteCNC\Debug\link.3000.write.1.tlog
C:\Users\andim\OneDrive\gusa\indexx3\index\bin\Debug\interpreteCNCx3\InterpreteCNC\Debug\link.3308-cvtres.read.1.tlog
C:\Users\andim\OneDrive\gusa\indexx3\index\bin\Debug\interpreteCNCx3\InterpreteCNC\Debug\link.3308-cvtres.write.1.tlog
C:\Users\andim\OneDrive\gusa\indexx3\index\bin\Debug\interpreteCNCx3\InterpreteCNC\Debug\link.3308-rc.read.1.tlog
C:\Users\andim\OneDrive\gusa\indexx3\index\bin\Debug\interpreteCNCx3\InterpreteCNC\Debug\link.3308-rc.write.1.tlog
C:\Users\andim\OneDrive\gusa\indexx3\index\bin\Debug\interpreteCNCx3\InterpreteCNC\Debug\link.3308.read.1.tlog
C:\Users\andim\OneDrive\gusa\indexx3\index\bin\Debug\interpreteCNCx3\InterpreteCNC\Debug\link.3308.write.1.tlog
C:\Users\andim\OneDrive\gusa\indexx3\index\bin\Debug\interpreteCNCx3\InterpreteCNC\Debug\link.4812-cvtres.read.1.tlog
C:\Users\andim\OneDrive\gusa\indexx3\index\bin\Debug\interpreteCNCx3\InterpreteCNC\Debug\link.4812-cvtres.write.1.tlog
C:\Users\andim\OneDrive\gusa\indexx3\index\bin\Debug\interpreteCNCx3\InterpreteCNC\Debug\link.4812-rc.read.1.tlog
C:\Users\andim\OneDrive\gusa\indexx3\index\bin\Debug\interpreteCNCx3\InterpreteCNC\Debug\link.4812-rc.write.1.tlog
C:\Users\andim\OneDrive\gusa\indexx3\index\bin\Debug\interpreteCNCx3\InterpreteCNC\Debug\link.4812.read.1.tlog
C:\Users\andim\OneDrive\gusa\indexx3\index\bin\Debug\interpreteCNCx3\InterpreteCNC\Debug\link.4812.write.1.tlog
C:\Users\andim\OneDrive\gusa\indexx3\index\bin\Debug\interpreteCNCx3\InterpreteCNC\Debug\link.4948-cvtres.read.1.tlog
C:\Users\andim\OneDrive\gusa\indexx3\index\bin\Debug\interpreteCNCx3\InterpreteCNC\Debug\link.4948-cvtres.write.1.tlog
C:\Users\andim\OneDrive\gusa\indexx3\index\bin\Debug\interpreteCNCx3\InterpreteCNC\Debug\link.4948-rc.read.1.tlog
C:\Users\andim\OneDrive\gusa\indexx3\index\bin\Debug\interpreteCNCx3\InterpreteCNC\Debug\link.4948-rc.write.1.tlog
C:\Users\andim\OneDrive\gusa\indexx3\index\bin\Debug\interpreteCNCx3\InterpreteCNC\Debug\link.4948.read.1.tlog
C:\Users\andim\OneDrive\gusa\indexx3\index\bin\Debug\interpreteCNCx3\InterpreteCNC\Debug\link.4948.write.1.tlog
C:\Users\andim\OneDrive\gusa\indexx3\index\bin\Debug\interpreteCNCx3\InterpreteCNC\Debug\link.4956-cvtres.read.1.tlog
C:\Users\andim\OneDrive\gusa\indexx3\index\bin\Debug\interpreteCNCx3\InterpreteCNC\Debug\link.4956-cvtres.write.1.tlog
C:\Users\andim\OneDrive\gusa\indexx3\index\bin\Debug\interpreteCNCx3\InterpreteCNC\Debug\link.4956-rc.read.1.tlog
C:\Users\andim\OneDrive\gusa\indexx3\index\bin\Debug\interpreteCNCx3\InterpreteCNC\Debug\link.4956-rc.write.1.tlog
C:\Users\andim\OneDrive\gusa\indexx3\index\bin\Debug\interpreteCNCx3\InterpreteCNC\Debug\link.4956.read.1.tlog
C:\Users\andim\OneDrive\gusa\indexx3\index\bin\Debug\interpreteCNCx3\InterpreteCNC\Debug\link.4956.write.1.tlog
C:\Users\andim\OneDrive\gusa\indexx3\index\bin\Debug\interpreteCNCx3\InterpreteCNC\Debug\link.5168-cvtres.read.1.tlog
C:\Users\andim\OneDrive\gusa\indexx3\index\bin\Debug\interpreteCNCx3\InterpreteCNC\Debug\link.5168-cvtres.write.1.tlog
C:\Users\andim\OneDrive\gusa\indexx3\index\bin\Debug\interpreteCNCx3\InterpreteCNC\Debug\link.5168-rc.read.1.tlog
C:\Users\andim\OneDrive\gusa\indexx3\index\bin\Debug\interpreteCNCx3\InterpreteCNC\Debug\link.5168-rc.write.1.tlog
C:\Users\andim\OneDrive\gusa\indexx3\index\bin\Debug\interpreteCNCx3\InterpreteCNC\Debug\link.5168.read.1.tlog
C:\Users\andim\OneDrive\gusa\indexx3\index\bin\Debug\interpreteCNCx3\InterpreteCNC\Debug\link.5168.write.1.tlog
C:\Users\andim\OneDrive\gusa\indexx3\index\bin\Debug\interpreteCNCx3\InterpreteCNC\Debug\link.5192-cvtres.read.1.tlog
C:\Users\andim\OneDrive\gusa\indexx3\index\bin\Debug\interpreteCNCx3\InterpreteCNC\Debug\link.5192-cvtres.write.1.tlog
C:\Users\andim\OneDrive\gusa\indexx3\index\bin\Debug\interpreteCNCx3\InterpreteCNC\Debug\link.5192-rc.read.1.tlog
C:\Users\andim\OneDrive\gusa\indexx3\index\bin\Debug\interpreteCNCx3\InterpreteCNC\Debug\link.5192-rc.write.1.tlog
C:\Users\andim\OneDrive\gusa\indexx3\index\bin\Debug\interpreteCNCx3\InterpreteCNC\Debug\link.5192.read.1.tlog
C:\Users\andim\OneDrive\gusa\indexx3\index\bin\Debug\interpreteCNCx3\InterpreteCNC\Debug\link.5192.write.1.tlog
C:\Users\andim\OneDrive\gusa\indexx3\index\bin\Debug\interpreteCNCx3\InterpreteCNC\Debug\link.5204-cvtres.read.1.tlog
C:\Users\andim\OneDrive\gusa\indexx3\index\bin\Debug\interpreteCNCx3\InterpreteCNC\Debug\link.5204-cvtres.write.1.tlog
C:\Users\andim\OneDrive\gusa\indexx3\index\bin\Debug\interpreteCNCx3\InterpreteCNC\Debug\link.5204-rc.read.1.tlog
C:\Users\andim\OneDrive\gusa\indexx3\index\bin\Debug\interpreteCNCx3\InterpreteCNC\Debug\link.5204-rc.write.1.tlog
C:\Users\andim\OneDrive\gusa\indexx3\index\bin\Debug\interpreteCNCx3\InterpreteCNC\Debug\link.5204.read.1.tlog
C:\Users\andim\OneDrive\gusa\indexx3\index\bin\Debug\interpreteCNCx3\InterpreteCNC\Debug\link.5204.write.1.tlog
C:\Users\andim\OneDrive\gusa\indexx3\index\bin\Debug\interpreteCNCx3\InterpreteCNC\Debug\link.5704-cvtres.read.1.tlog
C:\Users\andim\OneDrive\gusa\indexx3\index\bin\Debug\interpreteCNCx3\InterpreteCNC\Debug\link.5704-cvtres.write.1.tlog
C:\Users\andim\OneDrive\gusa\indexx3\index\bin\Debug\interpreteCNCx3\InterpreteCNC\Debug\link.5704-rc.read.1.tlog
C:\Users\andim\OneDrive\gusa\indexx3\index\bin\Debug\interpreteCNCx3\InterpreteCNC\Debug\link.5704-rc.write.1.tlog
C:\Users\andim\OneDrive\gusa\indexx3\index\bin\Debug\interpreteCNCx3\InterpreteCNC\Debug\link.5704.read.1.tlog
C:\Users\andim\OneDrive\gusa\indexx3\index\bin\Debug\interpreteCNCx3\InterpreteCNC\Debug\link.5704.write.1.tlog
C:\Users\andim\OneDrive\gusa\indexx3\index\bin\Debug\interpreteCNCx3\InterpreteCNC\Debug\link.6552-cvtres.read.1.tlog
C:\Users\andim\OneDrive\gusa\indexx3\index\bin\Debug\interpreteCNCx3\InterpreteCNC\Debug\link.6552-cvtres.write.1.tlog
C:\Users\andim\OneDrive\gusa\indexx3\index\bin\Debug\interpreteCNCx3\InterpreteCNC\Debug\link.6552-rc.read.1.tlog
C:\Users\andim\OneDrive\gusa\indexx3\index\bin\Debug\interpreteCNCx3\InterpreteCNC\Debug\link.6552-rc.write.1.tlog
C:\Users\andim\OneDrive\gusa\indexx3\index\bin\Debug\interpreteCNCx3\InterpreteCNC\Debug\link.6552.read.1.tlog
C:\Users\andim\OneDrive\gusa\indexx3\index\bin\Debug\interpreteCNCx3\InterpreteCNC\Debug\link.6552.write.1.tlog
C:\Users\andim\OneDrive\gusa\indexx3\index\bin\Debug\interpreteCNCx3\InterpreteCNC\Debug\link.6688-cvtres.read.1.tlog
C:\Users\andim\OneDrive\gusa\indexx3\index\bin\Debug\interpreteCNCx3\InterpreteCNC\Debug\link.6688-cvtres.write.1.tlog
C:\Users\andim\OneDrive\gusa\indexx3\index\bin\Debug\interpreteCNCx3\InterpreteCNC\Debug\link.6688-rc.read.1.tlog
C:\Users\andim\OneDrive\gusa\indexx3\index\bin\Debug\interpreteCNCx3\InterpreteCNC\Debug\link.6688-rc.write.1.tlog
C:\Users\andim\OneDrive\gusa\indexx3\index\bin\Debug\interpreteCNCx3\InterpreteCNC\Debug\link.6688.read.1.tlog
C:\Users\andim\OneDrive\gusa\indexx3\index\bin\Debug\interpreteCNCx3\InterpreteCNC\Debug\link.6688.write.1.tlog
C:\Users\andim\OneDrive\gusa\indexx3\index\bin\Debug\interpreteCNCx3\InterpreteCNC\Debug\link.8152-cvtres.read.1.tlog
C:\Users\andim\OneDrive\gusa\indexx3\index\bin\Debug\interpreteCNCx3\InterpreteCNC\Debug\link.8152-cvtres.write.1.tlog
C:\Users\andim\OneDrive\gusa\indexx3\index\bin\Debug\interpreteCNCx3\InterpreteCNC\Debug\link.8152-rc.read.1.tlog
C:\Users\andim\OneDrive\gusa\indexx3\index\bin\Debug\interpreteCNCx3\InterpreteCNC\Debug\link.8152-rc.write.1.tlog
C:\Users\andim\OneDrive\gusa\indexx3\index\bin\Debug\interpreteCNCx3\InterpreteCNC\Debug\link.8152.read.1.tlog
C:\Users\andim\OneDrive\gusa\indexx3\index\bin\Debug\interpreteCNCx3\InterpreteCNC\Debug\link.8152.write.1.tlog
C:\Users\andim\OneDrive\gusa\indexx3\index\bin\Debug\interpreteCNCx3\InterpreteCNC\Debug\link.8304-cvtres.read.1.tlog
C:\Users\andim\OneDrive\gusa\indexx3\index\bin\Debug\interpreteCNCx3\InterpreteCNC\Debug\link.8304-cvtres.write.1.tlog
C:\Users\andim\OneDrive\gusa\indexx3\index\bin\Debug\interpreteCNCx3\InterpreteCNC\Debug\link.8304-rc.read.1.tlog
C:\Users\andim\OneDrive\gusa\indexx3\index\bin\Debug\interpreteCNCx3\InterpreteCNC\Debug\link.8304-rc.write.1.tlog
C:\Users\andim\OneDrive\gusa\indexx3\index\bin\Debug\interpreteCNCx3\InterpreteCNC\Debug\link.8304.read.1.tlog
C:\Users\andim\OneDrive\gusa\indexx3\index\bin\Debug\interpreteCNCx3\InterpreteCNC\Debug\link.8304.write.1.tlog
C:\Users\andim\OneDrive\gusa\indexx3\index\bin\Debug\interpreteCNCx3\InterpreteCNC\Debug\link.8608-cvtres.read.1.tlog
C:\Users\andim\OneDrive\gusa\indexx3\index\bin\Debug\interpreteCNCx3\InterpreteCNC\Debug\link.8608-cvtres.write.1.tlog
C:\Users\andim\OneDrive\gusa\indexx3\index\bin\Debug\interpreteCNCx3\InterpreteCNC\Debug\link.8608-rc.read.1.tlog
C:\Users\andim\OneDrive\gusa\indexx3\index\bin\Debug\interpreteCNCx3\InterpreteCNC\Debug\link.8608-rc.write.1.tlog
C:\Users\andim\OneDrive\gusa\indexx3\index\bin\Debug\interpreteCNCx3\InterpreteCNC\Debug\link.8608.read.1.tlog
C:\Users\andim\OneDrive\gusa\indexx3\index\bin\Debug\interpreteCNCx3\InterpreteCNC\Debug\link.8608.write.1.tlog
C:\Users\andim\OneDrive\gusa\indexx3\index\bin\Debug\interpreteCNCx3\InterpreteCNC\Debug\link.9596-cvtres.read.1.tlog
C:\Users\andim\OneDrive\gusa\indexx3\index\bin\Debug\interpreteCNCx3\InterpreteCNC\Debug\link.9596-cvtres.write.1.tlog
C:\Users\andim\OneDrive\gusa\indexx3\index\bin\Debug\interpreteCNCx3\InterpreteCNC\Debug\link.9596-rc.read.1.tlog
C:\Users\andim\OneDrive\gusa\indexx3\index\bin\Debug\interpreteCNCx3\InterpreteCNC\Debug\link.9596-rc.write.1.tlog
C:\Users\andim\OneDrive\gusa\indexx3\index\bin\Debug\interpreteCNCx3\InterpreteCNC\Debug\link.9596.read.1.tlog
C:\Users\andim\OneDrive\gusa\indexx3\index\bin\Debug\interpreteCNCx3\InterpreteCNC\Debug\link.9596.write.1.tlog
C:\Users\andim\OneDrive\gusa\indexx3\index\bin\Debug\interpreteCNCx3\InterpreteCNC\Debug\link.9836-cvtres.read.1.tlog
C:\Users\andim\OneDrive\gusa\indexx3\index\bin\Debug\interpreteCNCx3\InterpreteCNC\Debug\link.9836-cvtres.write.1.tlog
C:\Users\andim\OneDrive\gusa\indexx3\index\bin\Debug\interpreteCNCx3\InterpreteCNC\Debug\link.9836-rc.read.1.tlog
C:\Users\andim\OneDrive\gusa\indexx3\index\bin\Debug\interpreteCNCx3\InterpreteCNC\Debug\link.9836-rc.write.1.tlog
C:\Users\andim\OneDrive\gusa\indexx3\index\bin\Debug\interpreteCNCx3\InterpreteCNC\Debug\link.9836.read.1.tlog
C:\Users\andim\OneDrive\gusa\indexx3\index\bin\Debug\interpreteCNCx3\InterpreteCNC\Debug\link.9836.write.1.tlog
C:\Users\andim\OneDrive\gusa\indexx3\index\bin\Debug\interpreteCNCx3\InterpreteCNC\Debug\link.9932-cvtres.read.1.tlog
C:\Users\andim\OneDrive\gusa\indexx3\index\bin\Debug\interpreteCNCx3\InterpreteCNC\Debug\link.9932-cvtres.write.1.tlog
C:\Users\andim\OneDrive\gusa\indexx3\index\bin\Debug\interpreteCNCx3\InterpreteCNC\Debug\link.9932-rc.read.1.tlog
C:\Users\andim\OneDrive\gusa\indexx3\index\bin\Debug\interpreteCNCx3\InterpreteCNC\Debug\link.9932-rc.write.1.tlog
C:\Users\andim\OneDrive\gusa\indexx3\index\bin\Debug\interpreteCNCx3\InterpreteCNC\Debug\link.9932.read.1.tlog
C:\Users\andim\OneDrive\gusa\indexx3\index\bin\Debug\interpreteCNCx3\InterpreteCNC\Debug\link.9932.write.1.tlog
C:\Users\andim\OneDrive\gusa\indexx3\index\bin\Debug\interpreteCNCx3\InterpreteCNC\Debug\link.9944-cvtres.read.1.tlog
C:\Users\andim\OneDrive\gusa\indexx3\index\bin\Debug\interpreteCNCx3\InterpreteCNC\Debug\link.9944-cvtres.write.1.tlog
C:\Users\andim\OneDrive\gusa\indexx3\index\bin\Debug\interpreteCNCx3\InterpreteCNC\Debug\link.9944-rc.read.1.tlog
C:\Users\andim\OneDrive\gusa\indexx3\index\bin\Debug\interpreteCNCx3\InterpreteCNC\Debug\link.9944-rc.write.1.tlog
C:\Users\andim\OneDrive\gusa\indexx3\index\bin\Debug\interpreteCNCx3\InterpreteCNC\Debug\link.9944.read.1.tlog
C:\Users\andim\OneDrive\gusa\indexx3\index\bin\Debug\interpreteCNCx3\InterpreteCNC\Debug\link.9944.write.1.tlog
C:\Users\andim\OneDrive\gusa\indexx3\index\bin\Debug\interpreteCNCx3\InterpreteCNC\Debug\link.command.1.tlog
C:\Users\andim\OneDrive\gusa\indexx3\index\bin\Debug\interpreteCNCx3\InterpreteCNC\Debug\link.read.1.tlog
C:\Users\andim\OneDrive\gusa\indexx3\index\bin\Debug\interpreteCNCx3\InterpreteCNC\Debug\link.write.1.tlog
C:\Users\andim\OneDrive\gusa\indexx3\index\bin\Debug\interpreteCNCx3\InterpreteCNC\Debug\vc110.idb
C:\Users\andim\OneDrive\gusa\indexx3\index\bin\Debug\interpreteCNCx3\InterpreteCNC\Debug\vc110.pdb
C:\Users\andim\OneDrive\gusa\indexx3\index\bin\Debug\interpreteCNCx3\Debug\InterpreteCNC.pdb
C:\Users\andim\OneDrive\gusa\indexx3\index\bin\Debug\interpreteCNCx3\Debug\InterpreteCNC.exe
C:\Users\andim\OneDrive\gusa\indexx3\index\bin\Debug\interpreteCNCx3\Debug\InterpreteCNC.ilk
